<?xml version="1.0" encoding="UTF-8"?>
<!-- Generated by org.testng.reporters.JUnitReportReporter -->
<testsuite hostname="LTCH-LR0DP0Y8" failures="0" tests="1" name="test.BrowserInvoke" time="57.813" errors="0" timestamp="2023-10-16T14:14:50 IST" skipped="0">
  <testcase classname="test.BrowserInvoke" name="validate" time="57.813"/>
  <system-out/>
</testsuite> <!-- test.BrowserInvoke -->
